<?xml version="1.0" encoding="UTF-8"?>
<testsuite name="com.example.kingearnuser.ExampleUnitTest" tests="1" skipped="0" failures="0" errors="0" timestamp="2024-02-06T06:12:55" hostname="NSV-KUNAL" time="0.005">
  <properties/>
  <testcase name="addition_isCorrect" classname="com.example.kingearnuser.ExampleUnitTest" time="0.005"/>
  <system-out><![CDATA[]]></system-out>
  <system-err><![CDATA[]]></system-err>
</testsuite>
